  PlayerCharacter.cpp
i:\visual studios\vc\include\xmemory0(737): error C2280: 'std::unique_ptr<DynamicItem,std::default_delete<_Ty>>::unique_ptr(const std::unique_ptr<_Ty,std::default_delete<_Ty>> &)': attempting to reference a deleted function
          with
          [
              _Ty=DynamicItem
          ]
  i:\visual studios\vc\include\memory(1435): note: see declaration of 'std::unique_ptr<DynamicItem,std::default_delete<_Ty>>::unique_ptr'
          with
          [
              _Ty=DynamicItem
          ]
  i:\visual studios\vc\include\xmemory0(857): note: see reference to function template instantiation 'void std::allocator<_Ty>::construct<_Objty,const std::unique_ptr<DynamicItem,std::default_delete<DynamicItem>>&>(_Objty *,const std::unique_ptr<DynamicItem,std::default_delete<DynamicItem>> &)' being compiled
          with
          [
              _Ty=std::unique_ptr<DynamicItem,std::default_delete<DynamicItem>>,
              _Objty=std::unique_ptr<DynamicItem,std::default_delete<DynamicItem>>
          ]
  i:\visual studios\vc\include\xmemory0(857): note: see reference to function template instantiation 'void std::allocator<_Ty>::construct<_Objty,const std::unique_ptr<DynamicItem,std::default_delete<DynamicItem>>&>(_Objty *,const std::unique_ptr<DynamicItem,std::default_delete<DynamicItem>> &)' being compiled
          with
          [
              _Ty=std::unique_ptr<DynamicItem,std::default_delete<DynamicItem>>,
              _Objty=std::unique_ptr<DynamicItem,std::default_delete<DynamicItem>>
          ]
  i:\visual studios\vc\include\xmemory0(996): note: see reference to function template instantiation 'void std::allocator_traits<_Alloc>::construct<_Ty,const std::unique_ptr<DynamicItem,std::default_delete<DynamicItem>>&>(std::allocator<_Ty> &,_Objty *,const std::unique_ptr<DynamicItem,std::default_delete<DynamicItem>> &)' being compiled
          with
          [
              _Alloc=std::allocator<std::unique_ptr<DynamicItem,std::default_delete<DynamicItem>>>,
              _Ty=std::unique_ptr<DynamicItem,std::default_delete<DynamicItem>>,
              _Objty=std::unique_ptr<DynamicItem,std::default_delete<DynamicItem>>
          ]
  i:\visual studios\vc\include\xmemory0(995): note: see reference to function template instantiation 'void std::allocator_traits<_Alloc>::construct<_Ty,const std::unique_ptr<DynamicItem,std::default_delete<DynamicItem>>&>(std::allocator<_Ty> &,_Objty *,const std::unique_ptr<DynamicItem,std::default_delete<DynamicItem>> &)' being compiled
          with
          [
              _Alloc=std::allocator<std::unique_ptr<DynamicItem,std::default_delete<DynamicItem>>>,
              _Ty=std::unique_ptr<DynamicItem,std::default_delete<DynamicItem>>,
              _Objty=std::unique_ptr<DynamicItem,std::default_delete<DynamicItem>>
          ]
  i:\visual studios\vc\include\xmemory(225): note: see reference to function template instantiation 'void std::_Wrap_alloc<std::allocator<_Ty>>::construct<_Ty,const std::unique_ptr<DynamicItem,std::default_delete<DynamicItem>>&>(_Ty *,const std::unique_ptr<DynamicItem,std::default_delete<DynamicItem>> &)' being compiled
          with
          [
              _Ty=std::unique_ptr<DynamicItem,std::default_delete<DynamicItem>>
          ]
  i:\visual studios\vc\include\xmemory(225): note: see reference to function template instantiation 'void std::_Wrap_alloc<std::allocator<_Ty>>::construct<_Ty,const std::unique_ptr<DynamicItem,std::default_delete<DynamicItem>>&>(_Ty *,const std::unique_ptr<DynamicItem,std::default_delete<DynamicItem>> &)' being compiled
          with
          [
              _Ty=std::unique_ptr<DynamicItem,std::default_delete<DynamicItem>>
          ]
  i:\visual studios\vc\include\xmemory(251): note: see reference to function template instantiation '_FwdIt *std::_Uninitialized_copy_al_unchecked1<_InIt,_FwdIt,std::allocator<_Ty>>(_InIt,_InIt,_FwdIt,std::_Wrap_alloc<std::allocator<_Ty>> &,std::_General_ptr_iterator_tag,std::_Any_tag)' being compiled
          with
          [
              _FwdIt=std::unique_ptr<DynamicItem,std::default_delete<DynamicItem>> *,
              _InIt=const std::unique_ptr<DynamicItem,std::default_delete<DynamicItem>> *,
              _Ty=std::unique_ptr<DynamicItem,std::default_delete<DynamicItem>>
          ]
  i:\visual studios\vc\include\xmemory(264): note: see reference to function template instantiation '_FwdIt *std::_Uninitialized_copy_al_unchecked<const std::unique_ptr<DynamicItem,std::default_delete<_Ty>>*,_Iter,std::allocator<std::unique_ptr<_Ty,std::default_delete<_Ty>>>>(_InIt,_InIt,_FwdIt,std::_Wrap_alloc<std::allocator<std::unique_ptr<_Ty,std::default_delete<_Ty>>>> &)' being compiled
          with
          [
              _FwdIt=std::unique_ptr<DynamicItem,std::default_delete<DynamicItem>> *,
              _Ty=DynamicItem,
              _Iter=std::unique_ptr<DynamicItem,std::default_delete<DynamicItem>> *,
              _InIt=const std::unique_ptr<DynamicItem,std::default_delete<DynamicItem>> *
          ]
  i:\visual studios\vc\include\vector(1653): note: see reference to function template instantiation '_FwdIt *std::_Uninitialized_copy<_Iter,std::unique_ptr<DynamicItem,std::default_delete<_Ty>>*,std::allocator<std::unique_ptr<_Ty,std::default_delete<_Ty>>>>(_InIt,_InIt,_FwdIt,std::_Wrap_alloc<std::allocator<std::unique_ptr<_Ty,std::default_delete<_Ty>>>> &)' being compiled
          with
          [
              _FwdIt=std::unique_ptr<DynamicItem,std::default_delete<DynamicItem>> *,
              _Iter=std::_Vector_const_iterator<std::_Vector_val<std::_Simple_types<std::unique_ptr<DynamicItem,std::default_delete<DynamicItem>>>>>,
              _Ty=DynamicItem,
              _InIt=std::_Vector_const_iterator<std::_Vector_val<std::_Simple_types<std::unique_ptr<DynamicItem,std::default_delete<DynamicItem>>>>>
          ]
  i:\visual studios\vc\include\vector(752): note: see reference to function template instantiation 'std::unique_ptr<DynamicItem,std::default_delete<_Ty>> *std::vector<std::unique_ptr<_Ty,std::default_delete<_Ty>>,std::allocator<std::unique_ptr<_Ty,std::default_delete<_Ty>>>>::_Ucopy<std::_Vector_const_iterator<std::_Vector_val<std::_Simple_types<std::unique_ptr<_Ty,std::default_delete<_Ty>>>>>>(_Iter,_Iter,std::unique_ptr<_Ty,std::default_delete<_Ty>> *)' being compiled
          with
          [
              _Ty=DynamicItem,
              _Iter=std::_Vector_const_iterator<std::_Vector_val<std::_Simple_types<std::unique_ptr<DynamicItem,std::default_delete<DynamicItem>>>>>
          ]
  i:\visual studios\vc\include\vector(751): note: see reference to function template instantiation 'std::unique_ptr<DynamicItem,std::default_delete<_Ty>> *std::vector<std::unique_ptr<_Ty,std::default_delete<_Ty>>,std::allocator<std::unique_ptr<_Ty,std::default_delete<_Ty>>>>::_Ucopy<std::_Vector_const_iterator<std::_Vector_val<std::_Simple_types<std::unique_ptr<_Ty,std::default_delete<_Ty>>>>>>(_Iter,_Iter,std::unique_ptr<_Ty,std::default_delete<_Ty>> *)' being compiled
          with
          [
              _Ty=DynamicItem,
              _Iter=std::_Vector_const_iterator<std::_Vector_val<std::_Simple_types<std::unique_ptr<DynamicItem,std::default_delete<DynamicItem>>>>>
          ]
  i:\visual studios\vc\include\vector(743): note: while compiling class template member function 'std::vector<std::unique_ptr<DynamicItem,std::default_delete<_Ty>>,std::allocator<std::unique_ptr<_Ty,std::default_delete<_Ty>>>>::vector(const std::vector<std::unique_ptr<_Ty,std::default_delete<_Ty>>,std::allocator<std::unique_ptr<_Ty,std::default_delete<_Ty>>>> &)'
          with
          [
              _Ty=DynamicItem
          ]
  i:\projects\textbasedengine\textbasedengine\textbasedengine\character.h(14): note: see reference to function template instantiation 'std::vector<std::unique_ptr<DynamicItem,std::default_delete<_Ty>>,std::allocator<std::unique_ptr<_Ty,std::default_delete<_Ty>>>>::vector(const std::vector<std::unique_ptr<_Ty,std::default_delete<_Ty>>,std::allocator<std::unique_ptr<_Ty,std::default_delete<_Ty>>>> &)' being compiled
          with
          [
              _Ty=DynamicItem
          ]
  i:\projects\textbasedengine\textbasedengine\textbasedengine\character.h(27): note: see reference to class template instantiation 'std::vector<std::unique_ptr<DynamicItem,std::default_delete<_Ty>>,std::allocator<std::unique_ptr<_Ty,std::default_delete<_Ty>>>>' being compiled
          with
          [
              _Ty=DynamicItem
          ]
  Main.cpp
i:\visual studios\vc\include\xmemory0(737): error C2280: 'std::unique_ptr<DynamicItem,std::default_delete<_Ty>>::unique_ptr(const std::unique_ptr<_Ty,std::default_delete<_Ty>> &)': attempting to reference a deleted function
          with
          [
              _Ty=DynamicItem
          ]
  i:\visual studios\vc\include\memory(1435): note: see declaration of 'std::unique_ptr<DynamicItem,std::default_delete<_Ty>>::unique_ptr'
          with
          [
              _Ty=DynamicItem
          ]
  i:\visual studios\vc\include\xmemory0(857): note: see reference to function template instantiation 'void std::allocator<_Ty>::construct<_Objty,const std::unique_ptr<DynamicItem,std::default_delete<DynamicItem>>&>(_Objty *,const std::unique_ptr<DynamicItem,std::default_delete<DynamicItem>> &)' being compiled
          with
          [
              _Ty=std::unique_ptr<DynamicItem,std::default_delete<DynamicItem>>,
              _Objty=std::unique_ptr<DynamicItem,std::default_delete<DynamicItem>>
          ]
  i:\visual studios\vc\include\xmemory0(857): note: see reference to function template instantiation 'void std::allocator<_Ty>::construct<_Objty,const std::unique_ptr<DynamicItem,std::default_delete<DynamicItem>>&>(_Objty *,const std::unique_ptr<DynamicItem,std::default_delete<DynamicItem>> &)' being compiled
          with
          [
              _Ty=std::unique_ptr<DynamicItem,std::default_delete<DynamicItem>>,
              _Objty=std::unique_ptr<DynamicItem,std::default_delete<DynamicItem>>
          ]
  i:\visual studios\vc\include\xmemory0(996): note: see reference to function template instantiation 'void std::allocator_traits<_Alloc>::construct<_Ty,const std::unique_ptr<DynamicItem,std::default_delete<DynamicItem>>&>(std::allocator<_Ty> &,_Objty *,const std::unique_ptr<DynamicItem,std::default_delete<DynamicItem>> &)' being compiled
          with
          [
              _Alloc=std::allocator<std::unique_ptr<DynamicItem,std::default_delete<DynamicItem>>>,
              _Ty=std::unique_ptr<DynamicItem,std::default_delete<DynamicItem>>,
              _Objty=std::unique_ptr<DynamicItem,std::default_delete<DynamicItem>>
          ]
  i:\visual studios\vc\include\xmemory0(995): note: see reference to function template instantiation 'void std::allocator_traits<_Alloc>::construct<_Ty,const std::unique_ptr<DynamicItem,std::default_delete<DynamicItem>>&>(std::allocator<_Ty> &,_Objty *,const std::unique_ptr<DynamicItem,std::default_delete<DynamicItem>> &)' being compiled
          with
          [
              _Alloc=std::allocator<std::unique_ptr<DynamicItem,std::default_delete<DynamicItem>>>,
              _Ty=std::unique_ptr<DynamicItem,std::default_delete<DynamicItem>>,
              _Objty=std::unique_ptr<DynamicItem,std::default_delete<DynamicItem>>
          ]
  i:\visual studios\vc\include\xmemory(225): note: see reference to function template instantiation 'void std::_Wrap_alloc<std::allocator<_Ty>>::construct<_Ty,const std::unique_ptr<DynamicItem,std::default_delete<DynamicItem>>&>(_Ty *,const std::unique_ptr<DynamicItem,std::default_delete<DynamicItem>> &)' being compiled
          with
          [
              _Ty=std::unique_ptr<DynamicItem,std::default_delete<DynamicItem>>
          ]
  i:\visual studios\vc\include\xmemory(225): note: see reference to function template instantiation 'void std::_Wrap_alloc<std::allocator<_Ty>>::construct<_Ty,const std::unique_ptr<DynamicItem,std::default_delete<DynamicItem>>&>(_Ty *,const std::unique_ptr<DynamicItem,std::default_delete<DynamicItem>> &)' being compiled
          with
          [
              _Ty=std::unique_ptr<DynamicItem,std::default_delete<DynamicItem>>
          ]
  i:\visual studios\vc\include\xmemory(251): note: see reference to function template instantiation '_FwdIt *std::_Uninitialized_copy_al_unchecked1<_InIt,_FwdIt,std::allocator<_Ty>>(_InIt,_InIt,_FwdIt,std::_Wrap_alloc<std::allocator<_Ty>> &,std::_General_ptr_iterator_tag,std::_Any_tag)' being compiled
          with
          [
              _FwdIt=std::unique_ptr<DynamicItem,std::default_delete<DynamicItem>> *,
              _InIt=const std::unique_ptr<DynamicItem,std::default_delete<DynamicItem>> *,
              _Ty=std::unique_ptr<DynamicItem,std::default_delete<DynamicItem>>
          ]
  i:\visual studios\vc\include\xmemory(264): note: see reference to function template instantiation '_FwdIt *std::_Uninitialized_copy_al_unchecked<const std::unique_ptr<DynamicItem,std::default_delete<_Ty>>*,_Iter,std::allocator<std::unique_ptr<_Ty,std::default_delete<_Ty>>>>(_InIt,_InIt,_FwdIt,std::_Wrap_alloc<std::allocator<std::unique_ptr<_Ty,std::default_delete<_Ty>>>> &)' being compiled
          with
          [
              _FwdIt=std::unique_ptr<DynamicItem,std::default_delete<DynamicItem>> *,
              _Ty=DynamicItem,
              _Iter=std::unique_ptr<DynamicItem,std::default_delete<DynamicItem>> *,
              _InIt=const std::unique_ptr<DynamicItem,std::default_delete<DynamicItem>> *
          ]
  i:\visual studios\vc\include\vector(1653): note: see reference to function template instantiation '_FwdIt *std::_Uninitialized_copy<_Iter,std::unique_ptr<DynamicItem,std::default_delete<_Ty>>*,std::allocator<std::unique_ptr<_Ty,std::default_delete<_Ty>>>>(_InIt,_InIt,_FwdIt,std::_Wrap_alloc<std::allocator<std::unique_ptr<_Ty,std::default_delete<_Ty>>>> &)' being compiled
          with
          [
              _FwdIt=std::unique_ptr<DynamicItem,std::default_delete<DynamicItem>> *,
              _Iter=std::_Vector_const_iterator<std::_Vector_val<std::_Simple_types<std::unique_ptr<DynamicItem,std::default_delete<DynamicItem>>>>>,
              _Ty=DynamicItem,
              _InIt=std::_Vector_const_iterator<std::_Vector_val<std::_Simple_types<std::unique_ptr<DynamicItem,std::default_delete<DynamicItem>>>>>
          ]
  i:\visual studios\vc\include\vector(752): note: see reference to function template instantiation 'std::unique_ptr<DynamicItem,std::default_delete<_Ty>> *std::vector<std::unique_ptr<_Ty,std::default_delete<_Ty>>,std::allocator<std::unique_ptr<_Ty,std::default_delete<_Ty>>>>::_Ucopy<std::_Vector_const_iterator<std::_Vector_val<std::_Simple_types<std::unique_ptr<_Ty,std::default_delete<_Ty>>>>>>(_Iter,_Iter,std::unique_ptr<_Ty,std::default_delete<_Ty>> *)' being compiled
          with
          [
              _Ty=DynamicItem,
              _Iter=std::_Vector_const_iterator<std::_Vector_val<std::_Simple_types<std::unique_ptr<DynamicItem,std::default_delete<DynamicItem>>>>>
          ]
  i:\visual studios\vc\include\vector(751): note: see reference to function template instantiation 'std::unique_ptr<DynamicItem,std::default_delete<_Ty>> *std::vector<std::unique_ptr<_Ty,std::default_delete<_Ty>>,std::allocator<std::unique_ptr<_Ty,std::default_delete<_Ty>>>>::_Ucopy<std::_Vector_const_iterator<std::_Vector_val<std::_Simple_types<std::unique_ptr<_Ty,std::default_delete<_Ty>>>>>>(_Iter,_Iter,std::unique_ptr<_Ty,std::default_delete<_Ty>> *)' being compiled
          with
          [
              _Ty=DynamicItem,
              _Iter=std::_Vector_const_iterator<std::_Vector_val<std::_Simple_types<std::unique_ptr<DynamicItem,std::default_delete<DynamicItem>>>>>
          ]
  i:\visual studios\vc\include\vector(743): note: while compiling class template member function 'std::vector<std::unique_ptr<DynamicItem,std::default_delete<_Ty>>,std::allocator<std::unique_ptr<_Ty,std::default_delete<_Ty>>>>::vector(const std::vector<std::unique_ptr<_Ty,std::default_delete<_Ty>>,std::allocator<std::unique_ptr<_Ty,std::default_delete<_Ty>>>> &)'
          with
          [
              _Ty=DynamicItem
          ]
  i:\projects\textbasedengine\textbasedengine\textbasedengine\character.h(14): note: see reference to function template instantiation 'std::vector<std::unique_ptr<DynamicItem,std::default_delete<_Ty>>,std::allocator<std::unique_ptr<_Ty,std::default_delete<_Ty>>>>::vector(const std::vector<std::unique_ptr<_Ty,std::default_delete<_Ty>>,std::allocator<std::unique_ptr<_Ty,std::default_delete<_Ty>>>> &)' being compiled
          with
          [
              _Ty=DynamicItem
          ]
  i:\projects\textbasedengine\textbasedengine\textbasedengine\character.h(27): note: see reference to class template instantiation 'std::vector<std::unique_ptr<DynamicItem,std::default_delete<_Ty>>,std::allocator<std::unique_ptr<_Ty,std::default_delete<_Ty>>>>' being compiled
          with
          [
              _Ty=DynamicItem
          ]
  InteractableCharacter.cpp
i:\visual studios\vc\include\xmemory0(737): error C2280: 'std::unique_ptr<DynamicItem,std::default_delete<_Ty>>::unique_ptr(const std::unique_ptr<_Ty,std::default_delete<_Ty>> &)': attempting to reference a deleted function
          with
          [
              _Ty=DynamicItem
          ]
  i:\visual studios\vc\include\memory(1435): note: see declaration of 'std::unique_ptr<DynamicItem,std::default_delete<_Ty>>::unique_ptr'
          with
          [
              _Ty=DynamicItem
          ]
  i:\visual studios\vc\include\xmemory0(857): note: see reference to function template instantiation 'void std::allocator<_Ty>::construct<_Objty,const std::unique_ptr<DynamicItem,std::default_delete<DynamicItem>>&>(_Objty *,const std::unique_ptr<DynamicItem,std::default_delete<DynamicItem>> &)' being compiled
          with
          [
              _Ty=std::unique_ptr<DynamicItem,std::default_delete<DynamicItem>>,
              _Objty=std::unique_ptr<DynamicItem,std::default_delete<DynamicItem>>
          ]
  i:\visual studios\vc\include\xmemory0(857): note: see reference to function template instantiation 'void std::allocator<_Ty>::construct<_Objty,const std::unique_ptr<DynamicItem,std::default_delete<DynamicItem>>&>(_Objty *,const std::unique_ptr<DynamicItem,std::default_delete<DynamicItem>> &)' being compiled
          with
          [
              _Ty=std::unique_ptr<DynamicItem,std::default_delete<DynamicItem>>,
              _Objty=std::unique_ptr<DynamicItem,std::default_delete<DynamicItem>>
          ]
  i:\visual studios\vc\include\xmemory0(996): note: see reference to function template instantiation 'void std::allocator_traits<_Alloc>::construct<_Ty,const std::unique_ptr<DynamicItem,std::default_delete<DynamicItem>>&>(std::allocator<_Ty> &,_Objty *,const std::unique_ptr<DynamicItem,std::default_delete<DynamicItem>> &)' being compiled
          with
          [
              _Alloc=std::allocator<std::unique_ptr<DynamicItem,std::default_delete<DynamicItem>>>,
              _Ty=std::unique_ptr<DynamicItem,std::default_delete<DynamicItem>>,
              _Objty=std::unique_ptr<DynamicItem,std::default_delete<DynamicItem>>
          ]
  i:\visual studios\vc\include\xmemory0(995): note: see reference to function template instantiation 'void std::allocator_traits<_Alloc>::construct<_Ty,const std::unique_ptr<DynamicItem,std::default_delete<DynamicItem>>&>(std::allocator<_Ty> &,_Objty *,const std::unique_ptr<DynamicItem,std::default_delete<DynamicItem>> &)' being compiled
          with
          [
              _Alloc=std::allocator<std::unique_ptr<DynamicItem,std::default_delete<DynamicItem>>>,
              _Ty=std::unique_ptr<DynamicItem,std::default_delete<DynamicItem>>,
              _Objty=std::unique_ptr<DynamicItem,std::default_delete<DynamicItem>>
          ]
  i:\visual studios\vc\include\xmemory(225): note: see reference to function template instantiation 'void std::_Wrap_alloc<std::allocator<_Ty>>::construct<_Ty,const std::unique_ptr<DynamicItem,std::default_delete<DynamicItem>>&>(_Ty *,const std::unique_ptr<DynamicItem,std::default_delete<DynamicItem>> &)' being compiled
          with
          [
              _Ty=std::unique_ptr<DynamicItem,std::default_delete<DynamicItem>>
          ]
  i:\visual studios\vc\include\xmemory(225): note: see reference to function template instantiation 'void std::_Wrap_alloc<std::allocator<_Ty>>::construct<_Ty,const std::unique_ptr<DynamicItem,std::default_delete<DynamicItem>>&>(_Ty *,const std::unique_ptr<DynamicItem,std::default_delete<DynamicItem>> &)' being compiled
          with
          [
              _Ty=std::unique_ptr<DynamicItem,std::default_delete<DynamicItem>>
          ]
  i:\visual studios\vc\include\xmemory(251): note: see reference to function template instantiation '_FwdIt *std::_Uninitialized_copy_al_unchecked1<_InIt,_FwdIt,std::allocator<_Ty>>(_InIt,_InIt,_FwdIt,std::_Wrap_alloc<std::allocator<_Ty>> &,std::_General_ptr_iterator_tag,std::_Any_tag)' being compiled
          with
          [
              _FwdIt=std::unique_ptr<DynamicItem,std::default_delete<DynamicItem>> *,
              _InIt=const std::unique_ptr<DynamicItem,std::default_delete<DynamicItem>> *,
              _Ty=std::unique_ptr<DynamicItem,std::default_delete<DynamicItem>>
          ]
  i:\visual studios\vc\include\xmemory(264): note: see reference to function template instantiation '_FwdIt *std::_Uninitialized_copy_al_unchecked<const std::unique_ptr<DynamicItem,std::default_delete<_Ty>>*,_Iter,std::allocator<std::unique_ptr<_Ty,std::default_delete<_Ty>>>>(_InIt,_InIt,_FwdIt,std::_Wrap_alloc<std::allocator<std::unique_ptr<_Ty,std::default_delete<_Ty>>>> &)' being compiled
          with
          [
              _FwdIt=std::unique_ptr<DynamicItem,std::default_delete<DynamicItem>> *,
              _Ty=DynamicItem,
              _Iter=std::unique_ptr<DynamicItem,std::default_delete<DynamicItem>> *,
              _InIt=const std::unique_ptr<DynamicItem,std::default_delete<DynamicItem>> *
          ]
  i:\visual studios\vc\include\vector(1653): note: see reference to function template instantiation '_FwdIt *std::_Uninitialized_copy<_Iter,std::unique_ptr<DynamicItem,std::default_delete<_Ty>>*,std::allocator<std::unique_ptr<_Ty,std::default_delete<_Ty>>>>(_InIt,_InIt,_FwdIt,std::_Wrap_alloc<std::allocator<std::unique_ptr<_Ty,std::default_delete<_Ty>>>> &)' being compiled
          with
          [
              _FwdIt=std::unique_ptr<DynamicItem,std::default_delete<DynamicItem>> *,
              _Iter=std::_Vector_const_iterator<std::_Vector_val<std::_Simple_types<std::unique_ptr<DynamicItem,std::default_delete<DynamicItem>>>>>,
              _Ty=DynamicItem,
              _InIt=std::_Vector_const_iterator<std::_Vector_val<std::_Simple_types<std::unique_ptr<DynamicItem,std::default_delete<DynamicItem>>>>>
          ]
  i:\visual studios\vc\include\vector(752): note: see reference to function template instantiation 'std::unique_ptr<DynamicItem,std::default_delete<_Ty>> *std::vector<std::unique_ptr<_Ty,std::default_delete<_Ty>>,std::allocator<std::unique_ptr<_Ty,std::default_delete<_Ty>>>>::_Ucopy<std::_Vector_const_iterator<std::_Vector_val<std::_Simple_types<std::unique_ptr<_Ty,std::default_delete<_Ty>>>>>>(_Iter,_Iter,std::unique_ptr<_Ty,std::default_delete<_Ty>> *)' being compiled
          with
          [
              _Ty=DynamicItem,
              _Iter=std::_Vector_const_iterator<std::_Vector_val<std::_Simple_types<std::unique_ptr<DynamicItem,std::default_delete<DynamicItem>>>>>
          ]
  i:\visual studios\vc\include\vector(751): note: see reference to function template instantiation 'std::unique_ptr<DynamicItem,std::default_delete<_Ty>> *std::vector<std::unique_ptr<_Ty,std::default_delete<_Ty>>,std::allocator<std::unique_ptr<_Ty,std::default_delete<_Ty>>>>::_Ucopy<std::_Vector_const_iterator<std::_Vector_val<std::_Simple_types<std::unique_ptr<_Ty,std::default_delete<_Ty>>>>>>(_Iter,_Iter,std::unique_ptr<_Ty,std::default_delete<_Ty>> *)' being compiled
          with
          [
              _Ty=DynamicItem,
              _Iter=std::_Vector_const_iterator<std::_Vector_val<std::_Simple_types<std::unique_ptr<DynamicItem,std::default_delete<DynamicItem>>>>>
          ]
  i:\visual studios\vc\include\vector(743): note: while compiling class template member function 'std::vector<std::unique_ptr<DynamicItem,std::default_delete<_Ty>>,std::allocator<std::unique_ptr<_Ty,std::default_delete<_Ty>>>>::vector(const std::vector<std::unique_ptr<_Ty,std::default_delete<_Ty>>,std::allocator<std::unique_ptr<_Ty,std::default_delete<_Ty>>>> &)'
          with
          [
              _Ty=DynamicItem
          ]
  i:\projects\textbasedengine\textbasedengine\textbasedengine\character.h(14): note: see reference to function template instantiation 'std::vector<std::unique_ptr<DynamicItem,std::default_delete<_Ty>>,std::allocator<std::unique_ptr<_Ty,std::default_delete<_Ty>>>>::vector(const std::vector<std::unique_ptr<_Ty,std::default_delete<_Ty>>,std::allocator<std::unique_ptr<_Ty,std::default_delete<_Ty>>>> &)' being compiled
          with
          [
              _Ty=DynamicItem
          ]
  i:\projects\textbasedengine\textbasedengine\textbasedengine\character.h(27): note: see reference to class template instantiation 'std::vector<std::unique_ptr<DynamicItem,std::default_delete<_Ty>>,std::allocator<std::unique_ptr<_Ty,std::default_delete<_Ty>>>>' being compiled
          with
          [
              _Ty=DynamicItem
          ]
  EnemyCharacter.cpp
i:\visual studios\vc\include\xmemory0(737): error C2280: 'std::unique_ptr<DynamicItem,std::default_delete<_Ty>>::unique_ptr(const std::unique_ptr<_Ty,std::default_delete<_Ty>> &)': attempting to reference a deleted function
          with
          [
              _Ty=DynamicItem
          ]
  i:\visual studios\vc\include\memory(1435): note: see declaration of 'std::unique_ptr<DynamicItem,std::default_delete<_Ty>>::unique_ptr'
          with
          [
              _Ty=DynamicItem
          ]
  i:\visual studios\vc\include\xmemory0(857): note: see reference to function template instantiation 'void std::allocator<_Ty>::construct<_Objty,const std::unique_ptr<DynamicItem,std::default_delete<DynamicItem>>&>(_Objty *,const std::unique_ptr<DynamicItem,std::default_delete<DynamicItem>> &)' being compiled
          with
          [
              _Ty=std::unique_ptr<DynamicItem,std::default_delete<DynamicItem>>,
              _Objty=std::unique_ptr<DynamicItem,std::default_delete<DynamicItem>>
          ]
  i:\visual studios\vc\include\xmemory0(857): note: see reference to function template instantiation 'void std::allocator<_Ty>::construct<_Objty,const std::unique_ptr<DynamicItem,std::default_delete<DynamicItem>>&>(_Objty *,const std::unique_ptr<DynamicItem,std::default_delete<DynamicItem>> &)' being compiled
          with
          [
              _Ty=std::unique_ptr<DynamicItem,std::default_delete<DynamicItem>>,
              _Objty=std::unique_ptr<DynamicItem,std::default_delete<DynamicItem>>
          ]
  i:\visual studios\vc\include\xmemory0(996): note: see reference to function template instantiation 'void std::allocator_traits<_Alloc>::construct<_Ty,const std::unique_ptr<DynamicItem,std::default_delete<DynamicItem>>&>(std::allocator<_Ty> &,_Objty *,const std::unique_ptr<DynamicItem,std::default_delete<DynamicItem>> &)' being compiled
          with
          [
              _Alloc=std::allocator<std::unique_ptr<DynamicItem,std::default_delete<DynamicItem>>>,
              _Ty=std::unique_ptr<DynamicItem,std::default_delete<DynamicItem>>,
              _Objty=std::unique_ptr<DynamicItem,std::default_delete<DynamicItem>>
          ]
  i:\visual studios\vc\include\xmemory0(995): note: see reference to function template instantiation 'void std::allocator_traits<_Alloc>::construct<_Ty,const std::unique_ptr<DynamicItem,std::default_delete<DynamicItem>>&>(std::allocator<_Ty> &,_Objty *,const std::unique_ptr<DynamicItem,std::default_delete<DynamicItem>> &)' being compiled
          with
          [
              _Alloc=std::allocator<std::unique_ptr<DynamicItem,std::default_delete<DynamicItem>>>,
              _Ty=std::unique_ptr<DynamicItem,std::default_delete<DynamicItem>>,
              _Objty=std::unique_ptr<DynamicItem,std::default_delete<DynamicItem>>
          ]
  i:\visual studios\vc\include\xmemory(225): note: see reference to function template instantiation 'void std::_Wrap_alloc<std::allocator<_Ty>>::construct<_Ty,const std::unique_ptr<DynamicItem,std::default_delete<DynamicItem>>&>(_Ty *,const std::unique_ptr<DynamicItem,std::default_delete<DynamicItem>> &)' being compiled
          with
          [
              _Ty=std::unique_ptr<DynamicItem,std::default_delete<DynamicItem>>
          ]
  i:\visual studios\vc\include\xmemory(225): note: see reference to function template instantiation 'void std::_Wrap_alloc<std::allocator<_Ty>>::construct<_Ty,const std::unique_ptr<DynamicItem,std::default_delete<DynamicItem>>&>(_Ty *,const std::unique_ptr<DynamicItem,std::default_delete<DynamicItem>> &)' being compiled
          with
          [
              _Ty=std::unique_ptr<DynamicItem,std::default_delete<DynamicItem>>
          ]
  i:\visual studios\vc\include\xmemory(251): note: see reference to function template instantiation '_FwdIt *std::_Uninitialized_copy_al_unchecked1<_InIt,_FwdIt,std::allocator<_Ty>>(_InIt,_InIt,_FwdIt,std::_Wrap_alloc<std::allocator<_Ty>> &,std::_General_ptr_iterator_tag,std::_Any_tag)' being compiled
          with
          [
              _FwdIt=std::unique_ptr<DynamicItem,std::default_delete<DynamicItem>> *,
              _InIt=const std::unique_ptr<DynamicItem,std::default_delete<DynamicItem>> *,
              _Ty=std::unique_ptr<DynamicItem,std::default_delete<DynamicItem>>
          ]
  i:\visual studios\vc\include\xmemory(264): note: see reference to function template instantiation '_FwdIt *std::_Uninitialized_copy_al_unchecked<const std::unique_ptr<DynamicItem,std::default_delete<_Ty>>*,_Iter,std::allocator<std::unique_ptr<_Ty,std::default_delete<_Ty>>>>(_InIt,_InIt,_FwdIt,std::_Wrap_alloc<std::allocator<std::unique_ptr<_Ty,std::default_delete<_Ty>>>> &)' being compiled
          with
          [
              _FwdIt=std::unique_ptr<DynamicItem,std::default_delete<DynamicItem>> *,
              _Ty=DynamicItem,
              _Iter=std::unique_ptr<DynamicItem,std::default_delete<DynamicItem>> *,
              _InIt=const std::unique_ptr<DynamicItem,std::default_delete<DynamicItem>> *
          ]
  i:\visual studios\vc\include\vector(1653): note: see reference to function template instantiation '_FwdIt *std::_Uninitialized_copy<_Iter,std::unique_ptr<DynamicItem,std::default_delete<_Ty>>*,std::allocator<std::unique_ptr<_Ty,std::default_delete<_Ty>>>>(_InIt,_InIt,_FwdIt,std::_Wrap_alloc<std::allocator<std::unique_ptr<_Ty,std::default_delete<_Ty>>>> &)' being compiled
          with
          [
              _FwdIt=std::unique_ptr<DynamicItem,std::default_delete<DynamicItem>> *,
              _Iter=std::_Vector_const_iterator<std::_Vector_val<std::_Simple_types<std::unique_ptr<DynamicItem,std::default_delete<DynamicItem>>>>>,
              _Ty=DynamicItem,
              _InIt=std::_Vector_const_iterator<std::_Vector_val<std::_Simple_types<std::unique_ptr<DynamicItem,std::default_delete<DynamicItem>>>>>
          ]
  i:\visual studios\vc\include\vector(752): note: see reference to function template instantiation 'std::unique_ptr<DynamicItem,std::default_delete<_Ty>> *std::vector<std::unique_ptr<_Ty,std::default_delete<_Ty>>,std::allocator<std::unique_ptr<_Ty,std::default_delete<_Ty>>>>::_Ucopy<std::_Vector_const_iterator<std::_Vector_val<std::_Simple_types<std::unique_ptr<_Ty,std::default_delete<_Ty>>>>>>(_Iter,_Iter,std::unique_ptr<_Ty,std::default_delete<_Ty>> *)' being compiled
          with
          [
              _Ty=DynamicItem,
              _Iter=std::_Vector_const_iterator<std::_Vector_val<std::_Simple_types<std::unique_ptr<DynamicItem,std::default_delete<DynamicItem>>>>>
          ]
  i:\visual studios\vc\include\vector(751): note: see reference to function template instantiation 'std::unique_ptr<DynamicItem,std::default_delete<_Ty>> *std::vector<std::unique_ptr<_Ty,std::default_delete<_Ty>>,std::allocator<std::unique_ptr<_Ty,std::default_delete<_Ty>>>>::_Ucopy<std::_Vector_const_iterator<std::_Vector_val<std::_Simple_types<std::unique_ptr<_Ty,std::default_delete<_Ty>>>>>>(_Iter,_Iter,std::unique_ptr<_Ty,std::default_delete<_Ty>> *)' being compiled
          with
          [
              _Ty=DynamicItem,
              _Iter=std::_Vector_const_iterator<std::_Vector_val<std::_Simple_types<std::unique_ptr<DynamicItem,std::default_delete<DynamicItem>>>>>
          ]
  i:\visual studios\vc\include\vector(743): note: while compiling class template member function 'std::vector<std::unique_ptr<DynamicItem,std::default_delete<_Ty>>,std::allocator<std::unique_ptr<_Ty,std::default_delete<_Ty>>>>::vector(const std::vector<std::unique_ptr<_Ty,std::default_delete<_Ty>>,std::allocator<std::unique_ptr<_Ty,std::default_delete<_Ty>>>> &)'
          with
          [
              _Ty=DynamicItem
          ]
  i:\projects\textbasedengine\textbasedengine\textbasedengine\character.h(14): note: see reference to function template instantiation 'std::vector<std::unique_ptr<DynamicItem,std::default_delete<_Ty>>,std::allocator<std::unique_ptr<_Ty,std::default_delete<_Ty>>>>::vector(const std::vector<std::unique_ptr<_Ty,std::default_delete<_Ty>>,std::allocator<std::unique_ptr<_Ty,std::default_delete<_Ty>>>> &)' being compiled
          with
          [
              _Ty=DynamicItem
          ]
  i:\projects\textbasedengine\textbasedengine\textbasedengine\character.h(27): note: see reference to class template instantiation 'std::vector<std::unique_ptr<DynamicItem,std::default_delete<_Ty>>,std::allocator<std::unique_ptr<_Ty,std::default_delete<_Ty>>>>' being compiled
          with
          [
              _Ty=DynamicItem
          ]
  Character.cpp
i:\visual studios\vc\include\xutility(2316): error C2280: 'std::unique_ptr<DynamicItem,std::default_delete<_Ty>> &std::unique_ptr<_Ty,std::default_delete<_Ty>>::operator =(const std::unique_ptr<_Ty,std::default_delete<_Ty>> &)': attempting to reference a deleted function
          with
          [
              _Ty=DynamicItem
          ]
  i:\visual studios\vc\include\memory(1436): note: see declaration of 'std::unique_ptr<DynamicItem,std::default_delete<_Ty>>::operator ='
          with
          [
              _Ty=DynamicItem
          ]
  i:\visual studios\vc\include\xutility(2335): note: see reference to function template instantiation '_OutIt std::_Copy_unchecked1<_InIt,_OutIt>(_InIt,_InIt,_OutIt,std::_General_ptr_iterator_tag)' being compiled
          with
          [
              _OutIt=std::unique_ptr<DynamicItem,std::default_delete<DynamicItem>> *,
              _InIt=std::unique_ptr<DynamicItem,std::default_delete<DynamicItem>> *
          ]
  i:\visual studios\vc\include\vector(997): note: see reference to function template instantiation '_OutIt *std::_Copy_unchecked<std::unique_ptr<DynamicItem,std::default_delete<_Ty>>*,std::unique_ptr<_Ty,std::default_delete<_Ty>>*>(_InIt,_InIt,_OutIt)' being compiled
          with
          [
              _OutIt=std::unique_ptr<DynamicItem,std::default_delete<DynamicItem>> *,
              _Ty=DynamicItem,
              _InIt=std::unique_ptr<DynamicItem,std::default_delete<DynamicItem>> *
          ]
  i:\visual studios\vc\include\vector(980): note: while compiling class template member function 'std::vector<std::unique_ptr<DynamicItem,std::default_delete<_Ty>>,std::allocator<std::unique_ptr<_Ty,std::default_delete<_Ty>>>> &std::vector<std::unique_ptr<_Ty,std::default_delete<_Ty>>,std::allocator<std::unique_ptr<_Ty,std::default_delete<_Ty>>>>::operator =(const std::vector<std::unique_ptr<_Ty,std::default_delete<_Ty>>,std::allocator<std::unique_ptr<_Ty,std::default_delete<_Ty>>>> &)'
          with
          [
              _Ty=DynamicItem
          ]
  i:\projects\textbasedengine\textbasedengine\textbasedengine\character.cpp(33): note: see reference to function template instantiation 'std::vector<std::unique_ptr<DynamicItem,std::default_delete<_Ty>>,std::allocator<std::unique_ptr<_Ty,std::default_delete<_Ty>>>> &std::vector<std::unique_ptr<_Ty,std::default_delete<_Ty>>,std::allocator<std::unique_ptr<_Ty,std::default_delete<_Ty>>>>::operator =(const std::vector<std::unique_ptr<_Ty,std::default_delete<_Ty>>,std::allocator<std::unique_ptr<_Ty,std::default_delete<_Ty>>>> &)' being compiled
          with
          [
              _Ty=DynamicItem
          ]
  i:\projects\textbasedengine\textbasedengine\textbasedengine\character.h(27): note: see reference to class template instantiation 'std::vector<std::unique_ptr<DynamicItem,std::default_delete<_Ty>>,std::allocator<std::unique_ptr<_Ty,std::default_delete<_Ty>>>>' being compiled
          with
          [
              _Ty=DynamicItem
          ]
  Generating Code...
